C51 COMPILER V9.60.7.0   NAME                                                              04/06/2024 14:07:11 PAGE 1   


C51 COMPILER V9.60.7.0, COMPILATION OF MODULE NAME
OBJECT MODULE PLACED IN .\Objects\name.obj
COMPILER INVOKED BY: C:\Keil_v5\C51\BIN\C51.EXE name.c OPTIMIZE(8,SPEED) BROWSE DEBUG OBJECTEXTEND PRINT(.\Listings\name
                    -.lst) TABS(2) OBJECT(.\Objects\name.obj)

line level    source

   1          #include <at89c5131.h>
   2          #include "lcd.h"
   3          
   4          code unsigned char display_msg1[]="   EE337-2024   ";           //Display msg on 1st line of lcd
   5          code unsigned char display_msg2[]="    Praveen     ";           //Display msg on 1st line of lcd
   6          
   7          void main()
   8          {
   9   1        lcd_init();
  10   1        lcd_cmd(0x80);                          //Move cursor to first line
  11   1        msdelay(4);
  12   1        lcd_write_string(display_msg1);
  13   1        lcd_cmd(0xC0);                          //Move cursor to 2nd line of LCD
  14   1        msdelay(4);
  15   1        lcd_write_string(display_msg2);
  16   1        while(1);
  17   1          
  18   1      }


MODULE INFORMATION:   STATIC OVERLAYABLE
   CODE SIZE        =    202    ----
   CONSTANT SIZE    =     34    ----
   XDATA SIZE       =   ----    ----
   PDATA SIZE       =   ----    ----
   DATA SIZE        =   ----       3
   IDATA SIZE       =   ----    ----
   BIT SIZE         =   ----    ----
END OF MODULE INFORMATION.


C51 COMPILATION COMPLETE.  0 WARNING(S),  0 ERROR(S)
