C51 COMPILER V9.60.7.0   SIGMOID                                                           02/13/2024 01:57:29 PAGE 1   


C51 COMPILER V9.60.7.0, COMPILATION OF MODULE SIGMOID
OBJECT MODULE PLACED IN .\Objects\sigmoid.obj
COMPILER INVOKED BY: C:\Keil_v5\C51\BIN\C51.EXE sigmoid.c OPTIMIZE(8,SPEED) BROWSE DEBUG OBJECTEXTEND PRINT(.\Listings\s
                    -igmoid.lst) TABS(2) OBJECT(.\Objects\sigmoid.obj)

line level    source

   1          #include <at89c5131.h>
   2          #include "lcd.h"
   3          #include <math.h>
   4          
   5          code unsigned char display_msg1[]="Input 1:        ";           //Display msg on 1st line of lcd
   6          code unsigned char display_msg2[]="Input 2:        ";         //Display msg on 1st line of lcd
   7          code unsigned char display_msg3[]="Prediction:     ";
   8          
   9          code int w0=-36;
  10          code int w1=5;
  11          code int w2=7;
  12          
  13          code double e = exp(1.0);
*** ERROR C247 IN LINE 13 OF sigmoid.c: non-address/-constant initializer
  14          
  15          void main()
  16          {
  17   1        lcd_init();
  18   1        lcd_cmd(0x80);                          //Move cursor to first line
  19   1        msdelay(4);
  20   1        lcd_write_string(display_msg1);
  21   1        msdelay(5000);
  22   1        unsigned char x1 = P0 & 0x0F;
*** ERROR C141 IN LINE 22 OF sigmoid.c: syntax error near 'unsigned', expected '__asm'
*** ERROR C202 IN LINE 22 OF sigmoid.c: 'x1': undefined identifier
  23   1        lcd_cmd(0xC0);                          //Move cursor to 2nd line of LCD
  24   1        msdelay(4);
  25   1        lcd_write_string(display_msg2);
  26   1        msdelay(5000);
  27   1        unsigned char x1 = P0 & 0x0F;
*** ERROR C141 IN LINE 27 OF sigmoid.c: syntax error near 'unsigned', expected '__asm'
*** ERROR C202 IN LINE 27 OF sigmoid.c: 'x1': undefined identifier
  28   1        
  29   1        unsigned char y=w0+(x1*w1)+(x2*w2);
*** ERROR C141 IN LINE 29 OF sigmoid.c: syntax error near 'unsigned', expected '__asm'
*** ERROR C202 IN LINE 29 OF sigmoid.c: 'y': undefined identifier
  30   1        
  31   1        float z;
*** ERROR C141 IN LINE 31 OF sigmoid.c: syntax error near 'float', expected '__asm'
*** ERROR C202 IN LINE 31 OF sigmoid.c: 'z': undefined identifier
  32   1        z=1/(1+(e**-y))
*** ERROR C202 IN LINE 32 OF sigmoid.c: 'z': undefined identifier
  33   1        
  34   1        lcd_cmd(0x80);                         //cursor to first line
*** ERROR C141 IN LINE 34 OF sigmoid.c: syntax error near 'lcd_cmd', expected ';'
  35   1        msdelay(4);
  36   1        lcd_write_string(display_msg3);
  37   1        lcd_cmd(0xC0);
  38   1        msdelay(4);
  39   1        lcd_write_string(z);
*** ERROR C202 IN LINE 39 OF sigmoid.c: 'z': undefined identifier
  40   1        while(1);
  41   1          
  42   1      }
C51 COMPILER V9.60.7.0   SIGMOID                                                           02/13/2024 01:57:29 PAGE 2   


C51 COMPILATION COMPLETE.  0 WARNING(S),  12 ERROR(S)
