C51 COMPILER V9.60.7.0   FILTER                                                            04/02/2024 15:13:54 PAGE 1   


C51 COMPILER V9.60.7.0, COMPILATION OF MODULE FILTER
OBJECT MODULE PLACED IN .\Objects\filter.obj
COMPILER INVOKED BY: C:\Keil_v5\C51\BIN\C51.EXE filter.c OPTIMIZE(8,SPEED) BROWSE DEBUG OBJECTEXTEND PRINT(.\Listings\fi
                    -lter.lst) TABS(2) OBJECT(.\Objects\filter.obj)

line level    source

   1          #include <at89c5131.h>
   2          #include <stdio.h>
   3          #include "spi.h"
   4          #include "serial.h"
   5          #include "mcp3008.h"
   6          
   7          code coeff[8]={0.02058851, 0.06541966, 0.16640878, 0.24758305, 0.24758305, 0.16640878,
   8                         0.06541966, 0.02058851};
   9          char adc_data[10][8] = {0,0,0,0,0,0,0,0};
  10          int output;
  11          
  12          void update_array(unsigned int y){
  13   1        int i;
  14   1        for(i=1;i<8;i++){
  15   2          adc_data[i-1]=adc_data[i];
*** ERROR C213 IN LINE 15 OF filter.c: left side of asn-op not an lvalue
  16   2        };
  17   1        adc_data[7]=y;
  18   1      }
  19          int output_cal(void){
  20   1        int i;
  21   1        for(i=0;i<8;i++){
  22   2          output =+ coeff[i]*adc_data[][i]*4.8876;
*** ERROR C141 IN LINE 22 OF filter.c: syntax error near ']', expected 'sizeof'
*** ERROR C195 IN LINE 22 OF filter.c: '*' illegal indirection
  23   2        };
  24   1        return output;
  25   1      }
  26          int main(void){
  27   1        unsigned int x,output;
  28   1        char trans_string[10];
  29   1        unsigned float rec_float;
*** ERROR C141 IN LINE 29 OF filter.c: syntax error near 'float', expected 'hdata'
  30   1      
  31   1        adc_init();
  32   1        spi_init();
  33   1        uart_init();
  34   1      
  35   1        while(1){
  36   2          while(1){
  37   3            x = adc(3);
  38   3            if(rec_data==adc_data[7]){
*** ERROR C202 IN LINE 38 OF filter.c: 'rec_data': undefined identifier
  39   4            update_array(x);
  40   4            break;
  41   4            };
  42   3          };
  43   2          output = output_cal();
  44   2          sprintf(trans_string,"%d",output);
  45   2          transmit_string(trans_string);
  46   2        }
  47   1      }

C51 COMPILATION COMPLETE.  0 WARNING(S),  5 ERROR(S)
