C51 COMPILER V9.60.7.0   MAIN                                                              04/04/2024 10:40:02 PAGE 1   


C51 COMPILER V9.60.7.0, COMPILATION OF MODULE MAIN
OBJECT MODULE PLACED IN .\Objects\main.obj
COMPILER INVOKED BY: C:\Keil_v5\C51\BIN\C51.EXE main.c OPTIMIZE(8,SPEED) BROWSE DEBUG OBJECTEXTEND PRINT(.\Listings\main
                    -.lst) TABS(2) OBJECT(.\Objects\main.obj)

line level    source

   1          /********************
   2          EE337: ADC IC MCP3008 interfacing with pt-51
   3          (1) Complete spi_init() function from spi.h 
   4          
   5          *********************/
   6          
   7          #include <at89c5131.h>
   8          #include "lcd.h"                                        //Driver for interfacing lcd 
   9          #include "mcp3008.h"                                    //Driver for interfacing ADC ic MCP3008
  10          
  11          
  12          char adc_ip_data_ascii[6]={0,0,0,0,0,'\0'};             //string array for saving ascii of input sample
  13          code unsigned char display_msg1[]="Volt: ";           //Display msg on 1st line of lcd
  14          code unsigned char display_msg2[]=" mV";                //Display msg on 2nd line of lcd
  15          
  16          
  17          
  18          void main(void)
  19          {
  20   1        int j=0;
  21   1        unsigned int adc_data=0;
  22   1        spi_init();                                         
  23   1        adc_init();
  24   1        lcd_init();
  25   1        
  26   1        
  27   1        
  28   1        while(1)
  29   1        {
  30   2          unsigned int x;
  31   2          x = adc(4); 
  32   2          //    unsigned int adc(unsigned char channel)
  33   2          // ********************
  34   2          // adc()
  35   2      
  36   2          // Function takes channel number as input and returns sampled
  37   2          // 10 bit ADC values. 10 bit is packed as 16 bit unsigned int.
  38   2          // MCP3008 have 8 channels, numbered from 0 to 7
  39   2          // *******************
  40   2      
  41   2       
  42   2                                                  //Read analog value from 0th channel of ADC Ic MCP3008
  43   2          adc_data = (unsigned int) (x*3.2258);               //Converting received 10 bits value to milli volt (3.3*1000
             -*i/p /1023)
  44   2      
  45   2          /*
  46   2              Display "Volt: " on first line of lcd
  47   2              Print analog sampled input on lcd using int_to_string function and 
  48   2              Display "XXXXX mV" on second line of LCD
  49   2          
  50   2          */  
  51   2          lcd_cmd(0x80);                          //Move cursor to first line
  52   2          msdelay(1000);
  53   2          lcd_write_string(display_msg1);
C51 COMPILER V9.60.7.0   MAIN                                                              04/04/2024 10:40:02 PAGE 2   

  54   2          int_to_string(adc_data,adc_ip_data_ascii);
  55   2          lcd_cmd(0xC0);                          //Move cursor to 2nd line of LCD
  56   2          msdelay(1000);
  57   2          lcd_write_string(adc_ip_data_ascii);
  58   2        }
  59   1      }


MODULE INFORMATION:   STATIC OVERLAYABLE
   CODE SIZE        =    822    ----
   CONSTANT SIZE    =     11    ----
   XDATA SIZE       =   ----    ----
   PDATA SIZE       =   ----    ----
   DATA SIZE        =      7      35
   IDATA SIZE       =   ----    ----
   BIT SIZE         =      1    ----
END OF MODULE INFORMATION.


C51 COMPILATION COMPLETE.  0 WARNING(S),  0 ERROR(S)
