C51 COMPILER V9.60.7.0   TEMP                                                              04/04/2024 10:44:30 PAGE 1   


C51 COMPILER V9.60.7.0, COMPILATION OF MODULE TEMP
OBJECT MODULE PLACED IN .\Objects\temp.obj
COMPILER INVOKED BY: C:\Keil_v5\C51\BIN\C51.EXE temp.c OPTIMIZE(8,SPEED) BROWSE DEBUG OBJECTEXTEND PRINT(.\Listings\temp
                    -.lst) TABS(2) OBJECT(.\Objects\temp.obj)

line level    source

   1          /********************
   2          EE337: ADC IC MCP3008 interfacing with pt-51
   3          (1) Complete spi_init() function from spi.h 
   4          
   5          *********************/
   6          
   7          #include <at89c5131.h>
   8          #include "lcd.h"                                        //Driver for interfacing lcd 
   9          #include "mcp3008.h"                                    //Driver for interfacing ADC ic MCP3008
  10          #include "stdio.h"
  11          
  12          char adc_ip_data_ascii[6]={'0','0','0','0','0','\0'};             //string array for saving ascii of input sampl
             -e
  13          char temperature[6]={'0','0','0','0','0','\0'}; 
  14          code unsigned char display_msg1[]="Volt.: ";            //Display msg on 1st line of lcd
  15          code unsigned char display_msg2[]=" mV";                //Display msg on 2nd line of lcd
  16          code unsigned char display_msg3[]="Temp.: ";
  17          code unsigned char display_msg4[]=" oC";
  18          
  19          void main(void)
  20          {
  21   1        unsigned int adc_data_volt=0;
  22   1        float adc_data_temp=0;
  23   1        
  24   1        spi_init();                                         
  25   1        adc_init();
  26   1        lcd_init();
  27   1        
  28   1        while(1)
  29   1        {
  30   2          unsigned int x,y;
  31   2          x = adc(4);                                         //Read analog value from 4th channel of ADC Ic MCP3008
  32   2          adc_data_volt = (unsigned int) (x*3.2258);              //Converting received 10 bits value to milli volt (3.3
             -*1000*i/p /1023)
  33   2      
  34   2          lcd_cmd(0x80);                          //Move cursor to first line
  35   2          msdelay(3);
  36   2          lcd_write_string(display_msg1);
  37   2          int_to_string(adc_data_volt,adc_ip_data_ascii);
  38   2      //    sprintf(adc_ip_data_ascii,"%d",adc_data_volt);
  39   2          lcd_write_string(adc_ip_data_ascii);
  40   2          lcd_write_string(display_msg2);
  41   2          msdelay(1000);
  42   2          
  43   2          y = adc(3); 
  44   2          adc_data_temp = (y*0.32258);
  45   2          lcd_cmd(0xC0);                          //Move cursor to 2nd line of LCD
  46   2          msdelay(4);
  47   2          lcd_write_string(display_msg3);
  48   2          sprintf(temperature,"%f",adc_data_temp);
  49   2      //    int_to_string_temp(adc_data_temp,temperature);
  50   2          lcd_write_string(temperature);
  51   2          lcd_write_string(display_msg4);
  52   2          msdelay(4);
C51 COMPILER V9.60.7.0   TEMP                                                              04/04/2024 10:44:30 PAGE 2   

  53   2        }
  54   1      }


MODULE INFORMATION:   STATIC OVERLAYABLE
   CODE SIZE        =    935    ----
   CONSTANT SIZE    =     27    ----
   XDATA SIZE       =   ----    ----
   PDATA SIZE       =   ----    ----
   DATA SIZE        =     13      39
   IDATA SIZE       =   ----    ----
   BIT SIZE         =      1    ----
END OF MODULE INFORMATION.


C51 COMPILATION COMPLETE.  0 WARNING(S),  0 ERROR(S)
