C51 COMPILER V9.60.7.0   KEYPAD_KCD                                                        04/03/2024 15:16:54 PAGE 1   


C51 COMPILER V9.60.7.0, COMPILATION OF MODULE KEYPAD_KCD
OBJECT MODULE PLACED IN .\Objects\keypad-kcd.obj
COMPILER INVOKED BY: C:\Keil_v5\C51\BIN\C51.EXE keypad-kcd.c OPTIMIZE(8,SPEED) BROWSE DEBUG OBJECTEXTEND PRINT(.\Listing
                    -s\keypad-kcd.lst) TABS(2) OBJECT(.\Objects\keypad-kcd.obj)

line level    source

   1          #include <at89c5131.h>
   2          #include <math.h>
   3          #include <lcd.h>
   4          #include <stdio.h>
   5          
   6          sbit speaker = P0^7;
   7          code int freq[16] = {240,270,300,0,320,360,400,0,450,480,0,0,0,0,0,0};
   8          code char lookup[4][4][16] = {
   9              {"Sa", "Re", "Ga", "A"},
  10              {"Ma", "Pa", "Dha", "B"},
  11              {"Ni", "Sa", "Silence", "C"},
  12              {"*", "0", "#", "D"}
  13          };
  14          
  15          void delay_20ms(void);
  16          void sq_wave(unsigned int freq);
  17          
  18          void sq_wave(unsigned int count_freq){
  19   1        TH1 = (count_freq/256);
  20   1        TL1 = (count_freq%256);
  21   1        speaker = 0;
  22   1        TF1=0;
  23   1        TR1 = 1;
  24   1        while(TF1 != 1);
  25   1        speaker = 1;
  26   1        TR1 = 0;
  27   1        TF1 = 0;
  28   1        TH1 =(count_freq/256);
  29   1        TL1 = (count_freq%256);
  30   1        TR1 = 1;
  31   1        while(TF1 != 1);
  32   1        TR1 = 0;
  33   1        TF1 = 0;
  34   1        return;
  35   1      }
  36          void delay_20ms(void){
  37   1        msdelay(20);
  38   1      }
  39          void main(){
  40   1        unsigned int i=0,j=0,acc,temp;
  41   1        unsigned int count_freq;
  42   1        TMOD = 0x10;
  43   1        lcd_init(); 
  44   1        while(1){
  45   2          P3 = 0x0F;
  46   2          while(1){
  47   3            temp = 4*i+j; 
  48   3            lcd_cmd(0x80);                          //Move cursor to first line
  49   3            lcd_write_string(lookup[i][j]); 
  50   3            count_freq = 65536 - (24000000/(12*2*freq[temp]));      
  51   3            while(acc != 0x0F){
  52   4              if (freq[temp] != 0){
  53   5                sq_wave(count_freq);
  54   5              };
C51 COMPILER V9.60.7.0   KEYPAD_KCD                                                        04/03/2024 15:16:54 PAGE 2   

  55   4              acc = P3 & 0x0F;
  56   4            };
  57   3            lcd_cmd(0x01);
  58   3            while(acc == 0x0F){
  59   4              acc = P3 & 0x0F;
  60   4            };
  61   3            delay_20ms();
  62   3            acc = P3;
  63   3            acc = acc & 0x0F;
  64   3            if(acc != 0x0F){
  65   4              break;
  66   4            };
  67   3          };                                      //row number    
  68   2          i = 4;
  69   2          while(1){
  70   3            i--;
  71   3            acc = 0x01;
  72   3            acc = acc*pow(2,i+4);
  73   3            acc = 0xff - acc;
  74   3            P3 = acc;
  75   3            acc = P3 & 0x0F;
  76   3            if(acc != 0x0F){
  77   4              break;
  78   4            }
  79   3          }
  80   2          switch(acc){                           //column number
  81   3            case 0x07: j = 0;
  82   3                        break;
  83   3            case 0x0B: j = 1;
  84   3                        break;
  85   3            case 0x0D: j = 2;
  86   3                        break;
  87   3            case 0x0E: j = 3;
  88   3                        break;
  89   3            default: break;
  90   3          }
  91   2      }
  92   1      }


MODULE INFORMATION:   STATIC OVERLAYABLE
   CODE SIZE        =    653    ----
   CONSTANT SIZE    =    288    ----
   XDATA SIZE       =   ----    ----
   PDATA SIZE       =   ----    ----
   DATA SIZE        =   ----      11
   IDATA SIZE       =   ----    ----
   BIT SIZE         =   ----    ----
END OF MODULE INFORMATION.


C51 COMPILATION COMPLETE.  0 WARNING(S),  0 ERROR(S)
