C51 COMPILER V9.60.7.0   SIGMOID                                                           02/13/2024 04:00:01 PAGE 1   


C51 COMPILER V9.60.7.0, COMPILATION OF MODULE SIGMOID
OBJECT MODULE PLACED IN .\Objects\sigmoid.obj
COMPILER INVOKED BY: C:\Keil_v5\C51\BIN\C51.EXE sigmoid.c OPTIMIZE(8,SPEED) BROWSE DEBUG OBJECTEXTEND PRINT(.\Listings\s
                    -igmoid.lst) TABS(2) OBJECT(.\Objects\sigmoid.obj)

line level    source

   1          #include <at89c5131.h>
   2          #include "lcd.h"
   3          #include "math.h"
   4          
   5          code unsigned char display_msg1[]="Input 1:        ";           //Display msg on 1st line of lcd
   6          code unsigned char display_msg2[]="Input 2:        ";         //Display msg on 1st line of lcd
   7          code unsigned char display_msg3[]="P(Class 1):";
   8          code unsigned char display_msg4[]="P(Class 2):";
   9          
  10          code float w0=-36;
  11          code float w1=5;
  12          code float w2=7;
  13          
  14          void main()
  15          {
  16   1        float x1,x2,y,z;
  17   1        lcd_init();
  18   1        lcd_cmd(0x80);                          //Move cursor to first line
  19   1        msdelay(4);
  20   1        lcd_write_string(display_msg1);
  21   1        msdelay(5000);
  22   1        P1=0x0F;
  23   1        x1 = P1;
  24   1        
  25   1        lcd_cmd(0xC0);                          //Move cursor to 2nd line of LCD
  26   1        msdelay(4);
  27   1        lcd_write_string(display_msg2);
  28   1        msdelay(5000);
  29   1        P1=0x0F;
  30   1        x2 = P1;
  31   1        
  32   1        y=w0+(x1*w1)+(x2*w2);
  33   1        z=1/(1+exp(-y));
  34   1        
  35   1        lcd_cmd(0x80);                          //Move cursor to 1nd line of LCD
  36   1        msdelay(4);
  37   1        lcd_write_string(display_msg3);
  38   1        lcd_float(1-z);
  39   1        
  40   1        lcd_cmd(0xC0);                          //Move cursor to 2nd line of LCD
  41   1        msdelay(4);
  42   1        lcd_write_string(display_msg4);
  43   1        lcd_float(z);
  44   1        msdelay(20000);
  45   1          
  46   1      }


MODULE INFORMATION:   STATIC OVERLAYABLE
   CODE SIZE        =    565    ----
   CONSTANT SIZE    =     70    ----
   XDATA SIZE       =   ----    ----
   PDATA SIZE       =   ----    ----
   DATA SIZE        =   ----      23
C51 COMPILER V9.60.7.0   SIGMOID                                                           02/13/2024 04:00:01 PAGE 2   

   IDATA SIZE       =   ----    ----
   BIT SIZE         =   ----    ----
END OF MODULE INFORMATION.


C51 COMPILATION COMPLETE.  0 WARNING(S),  0 ERROR(S)
